{"/Users/pietroperboni/voopter-app-test/voopter-app-test/index.js": {"path":"/Users/pietroperboni/voopter-app-test/voopter-app-test/index.js","statementMap":{"0":{"start":{"line":10,"column":0},"end":{"line":10,"column":30}}},"fnMap":{},"branchMap":{},"s":{"0":0},"f":{},"b":{}}
,"/Users/pietroperboni/voopter-app-test/voopter-app-test/metro.config.js": {"path":"/Users/pietroperboni/voopter-app-test/voopter-app-test/metro.config.js","statementMap":{"0":{"start":{"line":2,"column":29},"end":{"line":2,"column":57}},"1":{"start":{"line":4,"column":0},"end":{"line":4,"column":45}}},"fnMap":{},"branchMap":{},"s":{"0":0,"1":0},"f":{},"b":{}}
,"/Users/pietroperboni/voopter-app-test/voopter-app-test/src/Routes.js": {"path":"/Users/pietroperboni/voopter-app-test/voopter-app-test/src/Routes.js","statementMap":{"0":{"start":{"line":12,"column":12},"end":{"line":12,"column":38}},"1":{"start":{"line":13,"column":14},"end":{"line":13,"column":42}},"2":{"start":{"line":15,"column":20},"end":{"line":26,"column":1}},"3":{"start":{"line":16,"column":2},"end":{"line":25,"column":4}},"4":{"start":{"line":29,"column":2},"end":{"line":52,"column":4}},"5":{"start":{"line":32,"column":39},"end":{"line":44,"column":9}},"6":{"start":{"line":34,"column":26},"end":{"line":39,"column":13}},"7":{"start":{"line":41,"column":12},"end":{"line":41,"column":94}}},"fnMap":{"0":{"name":"(anonymous_0)","decl":{"start":{"line":15,"column":20},"end":{"line":15,"column":21}},"loc":{"start":{"line":15,"column":26},"end":{"line":26,"column":1}},"line":15},"1":{"name":"App","decl":{"start":{"line":28,"column":24},"end":{"line":28,"column":27}},"loc":{"start":{"line":28,"column":30},"end":{"line":53,"column":1}},"line":28},"2":{"name":"(anonymous_2)","decl":{"start":{"line":32,"column":23},"end":{"line":32,"column":24}},"loc":{"start":{"line":32,"column":39},"end":{"line":44,"column":9}},"line":32},"3":{"name":"(anonymous_3)","decl":{"start":{"line":33,"column":22},"end":{"line":33,"column":23}},"loc":{"start":{"line":33,"column":52},"end":{"line":42,"column":11}},"line":33}},"branchMap":{"0":{"loc":{"start":{"line":41,"column":51},"end":{"line":41,"column":85}},"type":"binary-expr","locations":[{"start":{"line":41,"column":51},"end":{"line":41,"column":68}},{"start":{"line":41,"column":72},"end":{"line":41,"column":85}}],"line":41}},"s":{"0":0,"1":0,"2":0,"3":0,"4":0,"5":0,"6":0,"7":0},"f":{"0":0,"1":0,"2":0,"3":0},"b":{"0":[0,0]}}
,"/Users/pietroperboni/voopter-app-test/voopter-app-test/src/components/DatePicker/index.jsx": {"path":"/Users/pietroperboni/voopter-app-test/voopter-app-test/src/components/DatePicker/index.jsx","statementMap":{"0":{"start":{"line":14,"column":0},"end":{"line":54,"column":2}},"1":{"start":{"line":55,"column":0},"end":{"line":55,"column":37}},"2":{"start":{"line":58,"column":20},"end":{"line":58,"column":64}},"3":{"start":{"line":60,"column":22},"end":{"line":62,"column":1}},"4":{"start":{"line":72,"column":42},"end":{"line":72,"column":57}},"5":{"start":{"line":73,"column":54},"end":{"line":73,"column":66}},"6":{"start":{"line":75,"column":21},"end":{"line":96,"column":3}},"7":{"start":{"line":76,"column":35},"end":{"line":76,"column":73}},"8":{"start":{"line":78,"column":4},"end":{"line":95,"column":5}},"9":{"start":{"line":79,"column":6},"end":{"line":87,"column":9}},"10":{"start":{"line":80,"column":8},"end":{"line":86,"column":10}},"11":{"start":{"line":89,"column":6},"end":{"line":94,"column":9}},"12":{"start":{"line":90,"column":24},"end":{"line":90,"column":39}},"13":{"start":{"line":91,"column":8},"end":{"line":91,"column":29}},"14":{"start":{"line":92,"column":8},"end":{"line":92,"column":43}},"15":{"start":{"line":92,"column":20},"end":{"line":92,"column":43}},"16":{"start":{"line":93,"column":8},"end":{"line":93,"column":23}},"17":{"start":{"line":98,"column":2},"end":{"line":149,"column":4}},"18":{"start":{"line":104,"column":23},"end":{"line":104,"column":44}},"19":{"start":{"line":109,"column":12},"end":{"line":116,"column":14}},"20":{"start":{"line":114,"column":35},"end":{"line":114,"column":57}},"21":{"start":{"line":125,"column":14},"end":{"line":125,"column":42}},"22":{"start":{"line":140,"column":14},"end":{"line":140,"column":48}},"23":{"start":{"line":141,"column":14},"end":{"line":141,"column":37}}},"fnMap":{"0":{"name":"DatePicker","decl":{"start":{"line":64,"column":24},"end":{"line":64,"column":34}},"loc":{"start":{"line":71,"column":3},"end":{"line":150,"column":1}},"line":71},"1":{"name":"(anonymous_1)","decl":{"start":{"line":75,"column":21},"end":{"line":75,"column":22}},"loc":{"start":{"line":75,"column":47},"end":{"line":96,"column":3}},"line":75},"2":{"name":"(anonymous_2)","decl":{"start":{"line":79,"column":28},"end":{"line":79,"column":29}},"loc":{"start":{"line":79,"column":39},"end":{"line":87,"column":7}},"line":79},"3":{"name":"(anonymous_3)","decl":{"start":{"line":89,"column":28},"end":{"line":89,"column":29}},"loc":{"start":{"line":89,"column":42},"end":{"line":94,"column":7}},"line":89},"4":{"name":"(anonymous_4)","decl":{"start":{"line":104,"column":17},"end":{"line":104,"column":18}},"loc":{"start":{"line":104,"column":23},"end":{"line":104,"column":44}},"line":104},"5":{"name":"(anonymous_5)","decl":{"start":{"line":108,"column":47},"end":{"line":108,"column":48}},"loc":{"start":{"line":108,"column":56},"end":{"line":117,"column":11}},"line":108},"6":{"name":"(anonymous_6)","decl":{"start":{"line":114,"column":25},"end":{"line":114,"column":26}},"loc":{"start":{"line":114,"column":35},"end":{"line":114,"column":57}},"line":114},"7":{"name":"(anonymous_7)","decl":{"start":{"line":124,"column":24},"end":{"line":124,"column":25}},"loc":{"start":{"line":124,"column":34},"end":{"line":126,"column":13}},"line":124},"8":{"name":"(anonymous_8)","decl":{"start":{"line":139,"column":21},"end":{"line":139,"column":22}},"loc":{"start":{"line":139,"column":27},"end":{"line":142,"column":13}},"line":139}},"branchMap":{"0":{"loc":{"start":{"line":65,"column":2},"end":{"line":65,"column":19}},"type":"default-arg","locations":[{"start":{"line":65,"column":18},"end":{"line":65,"column":19}}],"line":65},"1":{"loc":{"start":{"line":67,"column":2},"end":{"line":67,"column":17}},"type":"default-arg","locations":[{"start":{"line":67,"column":10},"end":{"line":67,"column":17}}],"line":67},"2":{"loc":{"start":{"line":68,"column":2},"end":{"line":68,"column":34}},"type":"default-arg","locations":[{"start":{"line":68,"column":23},"end":{"line":68,"column":34}}],"line":68},"3":{"loc":{"start":{"line":69,"column":2},"end":{"line":69,"column":16}},"type":"default-arg","locations":[{"start":{"line":69,"column":12},"end":{"line":69,"column":16}}],"line":69},"4":{"loc":{"start":{"line":70,"column":2},"end":{"line":70,"column":18}},"type":"default-arg","locations":[{"start":{"line":70,"column":13},"end":{"line":70,"column":18}}],"line":70},"5":{"loc":{"start":{"line":75,"column":28},"end":{"line":75,"column":42}},"type":"default-arg","locations":[{"start":{"line":75,"column":37},"end":{"line":75,"column":42}}],"line":75},"6":{"loc":{"start":{"line":78,"column":4},"end":{"line":95,"column":5}},"type":"if","locations":[{"start":{"line":78,"column":4},"end":{"line":95,"column":5}},{"start":{"line":88,"column":11},"end":{"line":95,"column":5}}],"line":78},"7":{"loc":{"start":{"line":78,"column":8},"end":{"line":78,"column":75}},"type":"binary-expr","locations":[{"start":{"line":78,"column":8},"end":{"line":78,"column":33}},{"start":{"line":78,"column":37},"end":{"line":78,"column":75}}],"line":78},"8":{"loc":{"start":{"line":92,"column":8},"end":{"line":92,"column":43}},"type":"if","locations":[{"start":{"line":92,"column":8},"end":{"line":92,"column":43}},{"start":{},"end":{}}],"line":92},"9":{"loc":{"start":{"line":99,"column":28},"end":{"line":99,"column":46}},"type":"cond-expr","locations":[{"start":{"line":99,"column":39},"end":{"line":99,"column":42}},{"start":{"line":99,"column":45},"end":{"line":99,"column":46}}],"line":99},"10":{"loc":{"start":{"line":128,"column":21},"end":{"line":128,"column":39}},"type":"binary-expr","locations":[{"start":{"line":128,"column":21},"end":{"line":128,"column":28}},{"start":{"line":128,"column":32},"end":{"line":128,"column":39}}],"line":128}},"s":{"0":0,"1":0,"2":0,"3":0,"4":0,"5":0,"6":0,"7":0,"8":0,"9":0,"10":0,"11":0,"12":0,"13":0,"14":0,"15":0,"16":0,"17":0,"18":0,"19":0,"20":0,"21":0,"22":0,"23":0},"f":{"0":0,"1":0,"2":0,"3":0,"4":0,"5":0,"6":0,"7":0,"8":0},"b":{"0":[0],"1":[0],"2":[0],"3":[0],"4":[0],"5":[0],"6":[0,0],"7":[0,0],"8":[0,0],"9":[0,0],"10":[0,0]}}
,"/Users/pietroperboni/voopter-app-test/voopter-app-test/src/components/DatePicker/styles.js": {"path":"/Users/pietroperboni/voopter-app-test/voopter-app-test/src/components/DatePicker/styles.js","statementMap":{"0":{"start":{"line":3,"column":22},"end":{"line":53,"column":2}}},"fnMap":{},"branchMap":{},"s":{"0":0},"f":{},"b":{}}
,"/Users/pietroperboni/voopter-app-test/voopter-app-test/src/components/DateTag/index.jsx": {"path":"/Users/pietroperboni/voopter-app-test/voopter-app-test/src/components/DateTag/index.jsx","statementMap":{"0":{"start":{"line":8,"column":17},"end":{"line":8,"column":34}},"1":{"start":{"line":9,"column":19},"end":{"line":9,"column":35}},"2":{"start":{"line":10,"column":2},"end":{"line":21,"column":4}},"3":{"start":{"line":16,"column":34},"end":{"line":16,"column":47}}},"fnMap":{"0":{"name":"DateTag","decl":{"start":{"line":7,"column":24},"end":{"line":7,"column":31}},"loc":{"start":{"line":7,"column":58},"end":{"line":22,"column":1}},"line":7},"1":{"name":"(anonymous_1)","decl":{"start":{"line":16,"column":28},"end":{"line":16,"column":29}},"loc":{"start":{"line":16,"column":34},"end":{"line":16,"column":47}},"line":16}},"branchMap":{"0":{"loc":{"start":{"line":15,"column":7},"end":{"line":19,"column":7}},"type":"binary-expr","locations":[{"start":{"line":15,"column":7},"end":{"line":15,"column":14}},{"start":{"line":16,"column":8},"end":{"line":18,"column":20}}],"line":15}},"s":{"0":3,"1":3,"2":3,"3":0},"f":{"0":3,"1":0},"b":{"0":[3,0]},"_coverageSchema":"1a1c01bbd47fc00a2c39e90264f33305004495a9","hash":"e5dedd7ee60b0a19824e1f6ccb939787b7c36ac4"}
,"/Users/pietroperboni/voopter-app-test/voopter-app-test/src/components/DateTag/styles.js": {"path":"/Users/pietroperboni/voopter-app-test/voopter-app-test/src/components/DateTag/styles.js","statementMap":{"0":{"start":{"line":3,"column":22},"end":{"line":19,"column":2}}},"fnMap":{},"branchMap":{},"s":{"0":1},"f":{},"b":{},"_coverageSchema":"1a1c01bbd47fc00a2c39e90264f33305004495a9","hash":"ed305824e5ee41593fdc69269bf4ad2d7e5c0e20"}
,"/Users/pietroperboni/voopter-app-test/voopter-app-test/src/components/FlightCard/index.jsx": {"path":"/Users/pietroperboni/voopter-app-test/voopter-app-test/src/components/FlightCard/index.jsx","statementMap":{"0":{"start":{"line":16,"column":16},"end":{"line":16,"column":32}},"1":{"start":{"line":17,"column":2},"end":{"line":108,"column":4}}},"fnMap":{"0":{"name":"FlightCard","decl":{"start":{"line":8,"column":24},"end":{"line":8,"column":34}},"loc":{"start":{"line":15,"column":3},"end":{"line":109,"column":1}},"line":15}},"branchMap":{},"s":{"0":0,"1":0},"f":{"0":0},"b":{}}
,"/Users/pietroperboni/voopter-app-test/voopter-app-test/src/components/FlightCard/styles.js": {"path":"/Users/pietroperboni/voopter-app-test/voopter-app-test/src/components/FlightCard/styles.js","statementMap":{"0":{"start":{"line":3,"column":22},"end":{"line":7,"column":1}},"1":{"start":{"line":9,"column":22},"end":{"line":75,"column":2}}},"fnMap":{},"branchMap":{},"s":{"0":0,"1":0},"f":{},"b":{}}
,"/Users/pietroperboni/voopter-app-test/voopter-app-test/src/components/Pagination/index.jsx": {"path":"/Users/pietroperboni/voopter-app-test/voopter-app-test/src/components/Pagination/index.jsx","statementMap":{"0":{"start":{"line":8,"column":21},"end":{"line":10,"column":3}},"1":{"start":{"line":9,"column":4},"end":{"line":9,"column":21}},"2":{"start":{"line":11,"column":21},"end":{"line":13,"column":3}},"3":{"start":{"line":12,"column":4},"end":{"line":12,"column":38}},"4":{"start":{"line":14,"column":2},"end":{"line":31,"column":4}}},"fnMap":{"0":{"name":"Pagination","decl":{"start":{"line":7,"column":24},"end":{"line":7,"column":34}},"loc":{"start":{"line":7,"column":65},"end":{"line":32,"column":1}},"line":7},"1":{"name":"(anonymous_1)","decl":{"start":{"line":8,"column":21},"end":{"line":8,"column":22}},"loc":{"start":{"line":8,"column":27},"end":{"line":10,"column":3}},"line":8},"2":{"name":"(anonymous_2)","decl":{"start":{"line":11,"column":21},"end":{"line":11,"column":22}},"loc":{"start":{"line":11,"column":27},"end":{"line":13,"column":3}},"line":11}},"branchMap":{"0":{"loc":{"start":{"line":7,"column":37},"end":{"line":7,"column":45}},"type":"default-arg","locations":[{"start":{"line":7,"column":44},"end":{"line":7,"column":45}}],"line":7},"1":{"loc":{"start":{"line":12,"column":11},"end":{"line":12,"column":36}},"type":"cond-expr","locations":[{"start":{"line":12,"column":24},"end":{"line":12,"column":25}},{"start":{"line":12,"column":28},"end":{"line":12,"column":36}}],"line":12},"2":{"loc":{"start":{"line":17,"column":48},"end":{"line":17,"column":68}},"type":"cond-expr","locations":[{"start":{"line":17,"column":61},"end":{"line":17,"column":64}},{"start":{"line":17,"column":67},"end":{"line":17,"column":68}}],"line":17}},"s":{"0":0,"1":0,"2":0,"3":0,"4":0},"f":{"0":0,"1":0,"2":0},"b":{"0":[0],"1":[0,0],"2":[0,0]}}
,"/Users/pietroperboni/voopter-app-test/voopter-app-test/src/components/Pagination/styles.js": {"path":"/Users/pietroperboni/voopter-app-test/voopter-app-test/src/components/Pagination/styles.js","statementMap":{"0":{"start":{"line":3,"column":22},"end":{"line":41,"column":2}}},"fnMap":{},"branchMap":{},"s":{"0":0},"f":{},"b":{}}
,"/Users/pietroperboni/voopter-app-test/voopter-app-test/src/components/Select/index.jsx": {"path":"/Users/pietroperboni/voopter-app-test/voopter-app-test/src/components/Select/index.jsx","statementMap":{"0":{"start":{"line":15,"column":44},"end":{"line":15,"column":56}},"1":{"start":{"line":16,"column":56},"end":{"line":16,"column":70}},"2":{"start":{"line":17,"column":38},"end":{"line":17,"column":50}},"3":{"start":{"line":19,"column":16},"end":{"line":19,"column":32}},"4":{"start":{"line":21,"column":18},"end":{"line":21,"column":26}},"5":{"start":{"line":23,"column":2},"end":{"line":25,"column":9}},"6":{"start":{"line":24,"column":4},"end":{"line":24,"column":25}},"7":{"start":{"line":27,"column":29},"end":{"line":41,"column":3}},"8":{"start":{"line":28,"column":21},"end":{"line":28,"column":46}},"9":{"start":{"line":29,"column":4},"end":{"line":40,"column":7}},"10":{"start":{"line":43,"column":2},"end":{"line":54,"column":19}},"11":{"start":{"line":45,"column":4},"end":{"line":49,"column":6}},"12":{"start":{"line":47,"column":12},"end":{"line":47,"column":86}},"13":{"start":{"line":50,"column":4},"end":{"line":53,"column":5}},"14":{"start":{"line":51,"column":6},"end":{"line":51,"column":33}},"15":{"start":{"line":52,"column":6},"end":{"line":52,"column":30}},"16":{"start":{"line":56,"column":34},"end":{"line":59,"column":3}},"17":{"start":{"line":57,"column":4},"end":{"line":57,"column":33}},"18":{"start":{"line":58,"column":4},"end":{"line":58,"column":30}},"19":{"start":{"line":61,"column":2},"end":{"line":112,"column":4}},"20":{"start":{"line":78,"column":12},"end":{"line":78,"column":32}},"21":{"start":{"line":79,"column":12},"end":{"line":79,"column":39}},"22":{"start":{"line":84,"column":40},"end":{"line":84,"column":66}},"23":{"start":{"line":86,"column":14},"end":{"line":95,"column":33}},"24":{"start":{"line":87,"column":31},"end":{"line":87,"column":60}},"25":{"start":{"line":102,"column":14},"end":{"line":102,"column":32}},"26":{"start":{"line":103,"column":14},"end":{"line":103,"column":41}}},"fnMap":{"0":{"name":"SelectCityAirport","decl":{"start":{"line":14,"column":24},"end":{"line":14,"column":41}},"loc":{"start":{"line":14,"column":95},"end":{"line":113,"column":1}},"line":14},"1":{"name":"(anonymous_1)","decl":{"start":{"line":14,"column":66},"end":{"line":14,"column":67}},"loc":{"start":{"line":14,"column":72},"end":{"line":14,"column":74}},"line":14},"2":{"name":"(anonymous_2)","decl":{"start":{"line":23,"column":12},"end":{"line":23,"column":13}},"loc":{"start":{"line":23,"column":18},"end":{"line":25,"column":3}},"line":23},"3":{"name":"(anonymous_3)","decl":{"start":{"line":27,"column":29},"end":{"line":27,"column":30}},"loc":{"start":{"line":27,"column":41},"end":{"line":41,"column":3}},"line":27},"4":{"name":"(anonymous_4)","decl":{"start":{"line":43,"column":12},"end":{"line":43,"column":13}},"loc":{"start":{"line":43,"column":18},"end":{"line":54,"column":3}},"line":43},"5":{"name":"(anonymous_5)","decl":{"start":{"line":47,"column":6},"end":{"line":47,"column":7}},"loc":{"start":{"line":47,"column":12},"end":{"line":47,"column":86}},"line":47},"6":{"name":"(anonymous_6)","decl":{"start":{"line":56,"column":34},"end":{"line":56,"column":35}},"loc":{"start":{"line":56,"column":44},"end":{"line":59,"column":3}},"line":56},"7":{"name":"(anonymous_7)","decl":{"start":{"line":77,"column":24},"end":{"line":77,"column":25}},"loc":{"start":{"line":77,"column":34},"end":{"line":80,"column":11}},"line":77},"8":{"name":"(anonymous_8)","decl":{"start":{"line":84,"column":26},"end":{"line":84,"column":27}},"loc":{"start":{"line":84,"column":40},"end":{"line":84,"column":66}},"line":84},"9":{"name":"(anonymous_9)","decl":{"start":{"line":85,"column":24},"end":{"line":85,"column":25}},"loc":{"start":{"line":86,"column":14},"end":{"line":95,"column":33}},"line":86},"10":{"name":"(anonymous_10)","decl":{"start":{"line":87,"column":25},"end":{"line":87,"column":26}},"loc":{"start":{"line":87,"column":31},"end":{"line":87,"column":60}},"line":87},"11":{"name":"(anonymous_11)","decl":{"start":{"line":101,"column":21},"end":{"line":101,"column":22}},"loc":{"start":{"line":101,"column":27},"end":{"line":104,"column":13}},"line":101}},"branchMap":{"0":{"loc":{"start":{"line":14,"column":44},"end":{"line":14,"column":74}},"type":"default-arg","locations":[{"start":{"line":14,"column":66},"end":{"line":14,"column":74}}],"line":14},"1":{"loc":{"start":{"line":14,"column":76},"end":{"line":14,"column":91}},"type":"default-arg","locations":[{"start":{"line":14,"column":84},"end":{"line":14,"column":91}}],"line":14},"2":{"loc":{"start":{"line":47,"column":29},"end":{"line":47,"column":85}},"type":"binary-expr","locations":[{"start":{"line":47,"column":29},"end":{"line":47,"column":79}},{"start":{"line":47,"column":83},"end":{"line":47,"column":85}}],"line":47},"3":{"loc":{"start":{"line":50,"column":4},"end":{"line":53,"column":5}},"type":"if","locations":[{"start":{"line":50,"column":4},"end":{"line":53,"column":5}},{"start":{},"end":{}}],"line":50},"4":{"loc":{"start":{"line":69,"column":23},"end":{"line":69,"column":69}},"type":"binary-expr","locations":[{"start":{"line":69,"column":23},"end":{"line":69,"column":48}},{"start":{"line":69,"column":52},"end":{"line":69,"column":69}}],"line":69},"5":{"loc":{"start":{"line":73,"column":12},"end":{"line":75,"column":22}},"type":"binary-expr","locations":[{"start":{"line":73,"column":13},"end":{"line":73,"column":38}},{"start":{"line":74,"column":14},"end":{"line":74,"column":78}},{"start":{"line":75,"column":12},"end":{"line":75,"column":22}}],"line":73},"6":{"loc":{"start":{"line":99,"column":9},"end":{"line":109,"column":9}},"type":"binary-expr","locations":[{"start":{"line":99,"column":9},"end":{"line":99,"column":26}},{"start":{"line":100,"column":10},"end":{"line":108,"column":29}}],"line":99}},"s":{"0":0,"1":0,"2":0,"3":0,"4":0,"5":0,"6":0,"7":0,"8":0,"9":0,"10":0,"11":0,"12":0,"13":0,"14":0,"15":0,"16":0,"17":0,"18":0,"19":0,"20":0,"21":0,"22":0,"23":0,"24":0,"25":0,"26":0},"f":{"0":0,"1":0,"2":0,"3":0,"4":0,"5":0,"6":0,"7":0,"8":0,"9":0,"10":0,"11":0},"b":{"0":[0],"1":[0],"2":[0,0],"3":[0,0],"4":[0,0],"5":[0,0,0],"6":[0,0]}}
,"/Users/pietroperboni/voopter-app-test/voopter-app-test/src/components/Select/styles.js": {"path":"/Users/pietroperboni/voopter-app-test/voopter-app-test/src/components/Select/styles.js","statementMap":{"0":{"start":{"line":3,"column":22},"end":{"line":5,"column":1}},"1":{"start":{"line":7,"column":22},"end":{"line":55,"column":2}}},"fnMap":{},"branchMap":{},"s":{"0":0,"1":0},"f":{},"b":{}}
,"/Users/pietroperboni/voopter-app-test/voopter-app-test/src/locales/i18n.js": {"path":"/Users/pietroperboni/voopter-app-test/voopter-app-test/src/locales/i18n.js","statementMap":{"0":{"start":{"line":6,"column":0},"end":{"line":22,"column":3}}},"fnMap":{},"branchMap":{},"s":{"0":0},"f":{},"b":{}}
,"/Users/pietroperboni/voopter-app-test/voopter-app-test/src/screens/DatePickerDemo.jsx": {"path":"/Users/pietroperboni/voopter-app-test/voopter-app-test/src/screens/DatePickerDemo.jsx","statementMap":{"0":{"start":{"line":8,"column":16},"end":{"line":8,"column":32}},"1":{"start":{"line":9,"column":2},"end":{"line":32,"column":4}},"2":{"start":{"line":18,"column":12},"end":{"line":18,"column":46}},"3":{"start":{"line":27,"column":12},"end":{"line":27,"column":49}}},"fnMap":{"0":{"name":"DatePickerDemo","decl":{"start":{"line":7,"column":24},"end":{"line":7,"column":38}},"loc":{"start":{"line":7,"column":41},"end":{"line":33,"column":1}},"line":7},"1":{"name":"(anonymous_1)","decl":{"start":{"line":17,"column":25},"end":{"line":17,"column":26}},"loc":{"start":{"line":17,"column":36},"end":{"line":19,"column":11}},"line":17},"2":{"name":"(anonymous_2)","decl":{"start":{"line":26,"column":25},"end":{"line":26,"column":26}},"loc":{"start":{"line":26,"column":36},"end":{"line":28,"column":11}},"line":26}},"branchMap":{},"s":{"0":0,"1":0,"2":0,"3":0},"f":{"0":0,"1":0,"2":0},"b":{}}
,"/Users/pietroperboni/voopter-app-test/voopter-app-test/src/screens/ListFlightsDemo.jsx": {"path":"/Users/pietroperboni/voopter-app-test/voopter-app-test/src/screens/ListFlightsDemo.jsx","statementMap":{"0":{"start":{"line":11,"column":44},"end":{"line":11,"column":56}},"1":{"start":{"line":12,"column":32},"end":{"line":12,"column":47}},"2":{"start":{"line":13,"column":26},"end":{"line":13,"column":37}},"3":{"start":{"line":14,"column":15},"end":{"line":14,"column":27}},"4":{"start":{"line":16,"column":2},"end":{"line":18,"column":13}},"5":{"start":{"line":17,"column":4},"end":{"line":17,"column":23}},"6":{"start":{"line":20,"column":27},"end":{"line":25,"column":3}},"7":{"start":{"line":21,"column":4},"end":{"line":21,"column":21}},"8":{"start":{"line":22,"column":21},"end":{"line":22,"column":49}},"9":{"start":{"line":23,"column":4},"end":{"line":23,"column":31}},"10":{"start":{"line":24,"column":4},"end":{"line":24,"column":22}},"11":{"start":{"line":28,"column":4},"end":{"line":30,"column":78}},"12":{"start":{"line":32,"column":2},"end":{"line":37,"column":6}},"13":{"start":{"line":33,"column":4},"end":{"line":37,"column":6}},"14":{"start":{"line":38,"column":2},"end":{"line":122,"column":4}},"15":{"start":{"line":73,"column":18},"end":{"line":73,"column":99}},"16":{"start":{"line":92,"column":18},"end":{"line":94,"column":20}},"17":{"start":{"line":103,"column":10},"end":{"line":103,"column":78}},"18":{"start":{"line":107,"column":91},"end":{"line":107,"column":95}},"19":{"start":{"line":108,"column":10},"end":{"line":117,"column":12}},"20":{"start":{"line":119,"column":32},"end":{"line":119,"column":39}}},"fnMap":{"0":{"name":"ListFlightsDemo","decl":{"start":{"line":10,"column":24},"end":{"line":10,"column":39}},"loc":{"start":{"line":10,"column":63},"end":{"line":123,"column":1}},"line":10},"1":{"name":"(anonymous_1)","decl":{"start":{"line":16,"column":12},"end":{"line":16,"column":13}},"loc":{"start":{"line":16,"column":18},"end":{"line":18,"column":3}},"line":16},"2":{"name":"(anonymous_2)","decl":{"start":{"line":20,"column":27},"end":{"line":20,"column":28}},"loc":{"start":{"line":20,"column":39},"end":{"line":25,"column":3}},"line":20},"3":{"name":"(anonymous_3)","decl":{"start":{"line":72,"column":48},"end":{"line":72,"column":49}},"loc":{"start":{"line":72,"column":57},"end":{"line":74,"column":17}},"line":72},"4":{"name":"(anonymous_4)","decl":{"start":{"line":91,"column":50},"end":{"line":91,"column":51}},"loc":{"start":{"line":91,"column":59},"end":{"line":95,"column":17}},"line":91},"5":{"name":"(anonymous_5)","decl":{"start":{"line":102,"column":29},"end":{"line":102,"column":30}},"loc":{"start":{"line":102,"column":35},"end":{"line":104,"column":9}},"line":102},"6":{"name":"(anonymous_6)","decl":{"start":{"line":106,"column":20},"end":{"line":106,"column":21}},"loc":{"start":{"line":106,"column":34},"end":{"line":118,"column":9}},"line":106},"7":{"name":"(anonymous_7)","decl":{"start":{"line":119,"column":22},"end":{"line":119,"column":23}},"loc":{"start":{"line":119,"column":32},"end":{"line":119,"column":39}},"line":119}},"branchMap":{"0":{"loc":{"start":{"line":28,"column":4},"end":{"line":30,"column":78}},"type":"binary-expr","locations":[{"start":{"line":28,"column":4},"end":{"line":28,"column":8}},{"start":{"line":29,"column":4},"end":{"line":29,"column":16}},{"start":{"line":30,"column":5},"end":{"line":30,"column":38}},{"start":{"line":30,"column":42},"end":{"line":30,"column":77}}],"line":28},"1":{"loc":{"start":{"line":32,"column":2},"end":{"line":37,"column":6}},"type":"if","locations":[{"start":{"line":32,"column":2},"end":{"line":37,"column":6}},{"start":{},"end":{}}],"line":32},"2":{"loc":{"start":{"line":32,"column":6},"end":{"line":32,"column":42}},"type":"binary-expr","locations":[{"start":{"line":32,"column":6},"end":{"line":32,"column":31}},{"start":{"line":32,"column":35},"end":{"line":32,"column":42}}],"line":32},"3":{"loc":{"start":{"line":40,"column":7},"end":{"line":100,"column":7}},"type":"binary-expr","locations":[{"start":{"line":40,"column":7},"end":{"line":40,"column":20}},{"start":{"line":41,"column":8},"end":{"line":99,"column":15}}],"line":40},"4":{"loc":{"start":{"line":59,"column":11},"end":{"line":77,"column":11}},"type":"binary-expr","locations":[{"start":{"line":59,"column":11},"end":{"line":59,"column":46}},{"start":{"line":60,"column":12},"end":{"line":76,"column":19}}],"line":59},"5":{"loc":{"start":{"line":78,"column":11},"end":{"line":98,"column":11}},"type":"binary-expr","locations":[{"start":{"line":78,"column":11},"end":{"line":78,"column":48}},{"start":{"line":79,"column":12},"end":{"line":97,"column":19}}],"line":78}},"s":{"0":0,"1":0,"2":0,"3":0,"4":0,"5":0,"6":0,"7":0,"8":0,"9":0,"10":0,"11":0,"12":0,"13":0,"14":0,"15":0,"16":0,"17":0,"18":0,"19":0,"20":0},"f":{"0":0,"1":0,"2":0,"3":0,"4":0,"5":0,"6":0,"7":0},"b":{"0":[0,0,0,0],"1":[0,0],"2":[0,0],"3":[0,0],"4":[0,0],"5":[0,0]}}
,"/Users/pietroperboni/voopter-app-test/voopter-app-test/src/screens/SelectDemo.jsx": {"path":"/Users/pietroperboni/voopter-app-test/voopter-app-test/src/screens/SelectDemo.jsx","statementMap":{"0":{"start":{"line":7,"column":2},"end":{"line":14,"column":4}}},"fnMap":{"0":{"name":"SelectDemo","decl":{"start":{"line":6,"column":24},"end":{"line":6,"column":34}},"loc":{"start":{"line":6,"column":37},"end":{"line":15,"column":1}},"line":6},"1":{"name":"(anonymous_1)","decl":{"start":{"line":11,"column":66},"end":{"line":11,"column":67}},"loc":{"start":{"line":11,"column":72},"end":{"line":11,"column":74}},"line":11}},"branchMap":{},"s":{"0":0},"f":{"0":0,"1":0},"b":{}}
,"/Users/pietroperboni/voopter-app-test/voopter-app-test/src/screens/FullDemo/index.jsx": {"path":"/Users/pietroperboni/voopter-app-test/voopter-app-test/src/screens/FullDemo/index.jsx","statementMap":{"0":{"start":{"line":17,"column":26},"end":{"line":17,"column":38}},"1":{"start":{"line":18,"column":16},"end":{"line":18,"column":32}},"2":{"start":{"line":20,"column":24},"end":{"line":27,"column":3}},"3":{"start":{"line":21,"column":4},"end":{"line":26,"column":7}},"4":{"start":{"line":22,"column":6},"end":{"line":25,"column":8}},"5":{"start":{"line":29,"column":32},"end":{"line":34,"column":3}},"6":{"start":{"line":30,"column":4},"end":{"line":32,"column":5}},"7":{"start":{"line":31,"column":6},"end":{"line":31,"column":52}},"8":{"start":{"line":33,"column":4},"end":{"line":33,"column":16}},"9":{"start":{"line":36,"column":27},"end":{"line":40,"column":3}},"10":{"start":{"line":37,"column":19},"end":{"line":37,"column":51}},"11":{"start":{"line":38,"column":21},"end":{"line":38,"column":55}},"12":{"start":{"line":39,"column":4},"end":{"line":39,"column":50}},"13":{"start":{"line":42,"column":19},"end":{"line":60,"column":3}},"14":{"start":{"line":43,"column":19},"end":{"line":43,"column":24}},"15":{"start":{"line":44,"column":4},"end":{"line":44,"column":53}},"16":{"start":{"line":45,"column":4},"end":{"line":45,"column":98}},"17":{"start":{"line":45,"column":48},"end":{"line":45,"column":98}},"18":{"start":{"line":46,"column":4},"end":{"line":47,"column":64}},"19":{"start":{"line":47,"column":6},"end":{"line":47,"column":64}},"20":{"start":{"line":48,"column":4},"end":{"line":49,"column":65}},"21":{"start":{"line":49,"column":6},"end":{"line":49,"column":65}},"22":{"start":{"line":50,"column":4},"end":{"line":58,"column":5}},"23":{"start":{"line":51,"column":6},"end":{"line":57,"column":9}},"24":{"start":{"line":59,"column":4},"end":{"line":59,"column":21}},"25":{"start":{"line":62,"column":28},"end":{"line":66,"column":3}},"26":{"start":{"line":63,"column":4},"end":{"line":65,"column":5}},"27":{"start":{"line":64,"column":6},"end":{"line":64,"column":47}},"28":{"start":{"line":68,"column":19},"end":{"line":68,"column":74}},"29":{"start":{"line":70,"column":2},"end":{"line":123,"column":4}},"30":{"start":{"line":81,"column":43},"end":{"line":81,"column":72}},"31":{"start":{"line":87,"column":43},"end":{"line":87,"column":73}},"32":{"start":{"line":98,"column":14},"end":{"line":98,"column":46}},"33":{"start":{"line":109,"column":14},"end":{"line":109,"column":48}}},"fnMap":{"0":{"name":"FullDemo","decl":{"start":{"line":16,"column":24},"end":{"line":16,"column":32}},"loc":{"start":{"line":16,"column":49},"end":{"line":124,"column":1}},"line":16},"1":{"name":"(anonymous_1)","decl":{"start":{"line":20,"column":24},"end":{"line":20,"column":25}},"loc":{"start":{"line":20,"column":39},"end":{"line":27,"column":3}},"line":20},"2":{"name":"(anonymous_2)","decl":{"start":{"line":21,"column":12},"end":{"line":21,"column":13}},"loc":{"start":{"line":21,"column":29},"end":{"line":26,"column":5}},"line":21},"3":{"name":"(anonymous_3)","decl":{"start":{"line":29,"column":32},"end":{"line":29,"column":33}},"loc":{"start":{"line":29,"column":38},"end":{"line":34,"column":3}},"line":29},"4":{"name":"(anonymous_4)","decl":{"start":{"line":36,"column":27},"end":{"line":36,"column":28}},"loc":{"start":{"line":36,"column":51},"end":{"line":40,"column":3}},"line":36},"5":{"name":"(anonymous_5)","decl":{"start":{"line":42,"column":19},"end":{"line":42,"column":20}},"loc":{"start":{"line":42,"column":25},"end":{"line":60,"column":3}},"line":42},"6":{"name":"(anonymous_6)","decl":{"start":{"line":62,"column":28},"end":{"line":62,"column":29}},"loc":{"start":{"line":62,"column":34},"end":{"line":66,"column":3}},"line":62},"7":{"name":"(anonymous_7)","decl":{"start":{"line":81,"column":33},"end":{"line":81,"column":34}},"loc":{"start":{"line":81,"column":43},"end":{"line":81,"column":72}},"line":81},"8":{"name":"(anonymous_8)","decl":{"start":{"line":87,"column":33},"end":{"line":87,"column":34}},"loc":{"start":{"line":87,"column":43},"end":{"line":87,"column":73}},"line":87},"9":{"name":"(anonymous_9)","decl":{"start":{"line":97,"column":27},"end":{"line":97,"column":28}},"loc":{"start":{"line":97,"column":38},"end":{"line":99,"column":13}},"line":97},"10":{"name":"(anonymous_10)","decl":{"start":{"line":108,"column":27},"end":{"line":108,"column":28}},"loc":{"start":{"line":108,"column":38},"end":{"line":110,"column":13}},"line":108}},"branchMap":{"0":{"loc":{"start":{"line":30,"column":4},"end":{"line":32,"column":5}},"type":"if","locations":[{"start":{"line":30,"column":4},"end":{"line":32,"column":5}},{"start":{},"end":{}}],"line":30},"1":{"loc":{"start":{"line":30,"column":8},"end":{"line":30,"column":70}},"type":"binary-expr","locations":[{"start":{"line":30,"column":8},"end":{"line":30,"column":12}},{"start":{"line":30,"column":16},"end":{"line":30,"column":28}},{"start":{"line":30,"column":32},"end":{"line":30,"column":70}}],"line":30},"2":{"loc":{"start":{"line":45,"column":4},"end":{"line":45,"column":98}},"type":"if","locations":[{"start":{"line":45,"column":4},"end":{"line":45,"column":98}},{"start":{},"end":{}}],"line":45},"3":{"loc":{"start":{"line":46,"column":4},"end":{"line":47,"column":64}},"type":"if","locations":[{"start":{"line":46,"column":4},"end":{"line":47,"column":64}},{"start":{},"end":{}}],"line":46},"4":{"loc":{"start":{"line":46,"column":8},"end":{"line":46,"column":87}},"type":"binary-expr","locations":[{"start":{"line":46,"column":8},"end":{"line":46,"column":46}},{"start":{"line":46,"column":50},"end":{"line":46,"column":87}}],"line":46},"5":{"loc":{"start":{"line":48,"column":4},"end":{"line":49,"column":65}},"type":"if","locations":[{"start":{"line":48,"column":4},"end":{"line":49,"column":65}},{"start":{},"end":{}}],"line":48},"6":{"loc":{"start":{"line":50,"column":4},"end":{"line":58,"column":5}},"type":"if","locations":[{"start":{"line":50,"column":4},"end":{"line":58,"column":5}},{"start":{},"end":{}}],"line":50},"7":{"loc":{"start":{"line":63,"column":4},"end":{"line":65,"column":5}},"type":"if","locations":[{"start":{"line":63,"column":4},"end":{"line":65,"column":5}},{"start":{},"end":{}}],"line":63},"8":{"loc":{"start":{"line":68,"column":19},"end":{"line":68,"column":74}},"type":"binary-expr","locations":[{"start":{"line":68,"column":19},"end":{"line":68,"column":32}},{"start":{"line":68,"column":36},"end":{"line":68,"column":74}}],"line":68},"9":{"loc":{"start":{"line":116,"column":53},"end":{"line":116,"column":71}},"type":"cond-expr","locations":[{"start":{"line":116,"column":64},"end":{"line":116,"column":67}},{"start":{"line":116,"column":70},"end":{"line":116,"column":71}}],"line":116}},"s":{"0":0,"1":0,"2":0,"3":0,"4":0,"5":0,"6":0,"7":0,"8":0,"9":0,"10":0,"11":0,"12":0,"13":0,"14":0,"15":0,"16":0,"17":0,"18":0,"19":0,"20":0,"21":0,"22":0,"23":0,"24":0,"25":0,"26":0,"27":0,"28":0,"29":0,"30":0,"31":0,"32":0,"33":0},"f":{"0":0,"1":0,"2":0,"3":0,"4":0,"5":0,"6":0,"7":0,"8":0,"9":0,"10":0},"b":{"0":[0,0],"1":[0,0,0],"2":[0,0],"3":[0,0],"4":[0,0],"5":[0,0],"6":[0,0],"7":[0,0],"8":[0,0],"9":[0,0]}}
,"/Users/pietroperboni/voopter-app-test/voopter-app-test/src/screens/FullDemo/styles.js": {"path":"/Users/pietroperboni/voopter-app-test/voopter-app-test/src/screens/FullDemo/styles.js","statementMap":{"0":{"start":{"line":3,"column":22},"end":{"line":7,"column":1}},"1":{"start":{"line":9,"column":22},"end":{"line":67,"column":2}}},"fnMap":{},"branchMap":{},"s":{"0":0,"1":0},"f":{},"b":{}}
,"/Users/pietroperboni/voopter-app-test/voopter-app-test/src/services/index.js": {"path":"/Users/pietroperboni/voopter-app-test/voopter-app-test/src/services/index.js","statementMap":{"0":{"start":{"line":3,"column":33},"end":{"line":12,"column":1}},"1":{"start":{"line":4,"column":2},"end":{"line":11,"column":7}},"2":{"start":{"line":5,"column":24},"end":{"line":5,"column":39}},"3":{"start":{"line":7,"column":6},"end":{"line":7,"column":18}},"4":{"start":{"line":10,"column":6},"end":{"line":10,"column":27}},"5":{"start":{"line":14,"column":26},"end":{"line":25,"column":1}},"6":{"start":{"line":15,"column":2},"end":{"line":15,"column":42}},"7":{"start":{"line":16,"column":2},"end":{"line":24,"column":7}},"8":{"start":{"line":17,"column":24},"end":{"line":17,"column":39}},"9":{"start":{"line":20,"column":6},"end":{"line":20,"column":21}},"10":{"start":{"line":23,"column":6},"end":{"line":23,"column":27}}},"fnMap":{"0":{"name":"(anonymous_0)","decl":{"start":{"line":3,"column":33},"end":{"line":3,"column":34}},"loc":{"start":{"line":3,"column":39},"end":{"line":12,"column":1}},"line":3},"1":{"name":"(anonymous_1)","decl":{"start":{"line":5,"column":10},"end":{"line":5,"column":11}},"loc":{"start":{"line":5,"column":24},"end":{"line":5,"column":39}},"line":5},"2":{"name":"(anonymous_2)","decl":{"start":{"line":6,"column":10},"end":{"line":6,"column":11}},"loc":{"start":{"line":6,"column":20},"end":{"line":8,"column":5}},"line":6},"3":{"name":"(anonymous_3)","decl":{"start":{"line":9,"column":11},"end":{"line":9,"column":12}},"loc":{"start":{"line":9,"column":22},"end":{"line":11,"column":5}},"line":9},"4":{"name":"(anonymous_4)","decl":{"start":{"line":14,"column":26},"end":{"line":14,"column":27}},"loc":{"start":{"line":14,"column":42},"end":{"line":25,"column":1}},"line":14},"5":{"name":"(anonymous_5)","decl":{"start":{"line":17,"column":10},"end":{"line":17,"column":11}},"loc":{"start":{"line":17,"column":24},"end":{"line":17,"column":39}},"line":17},"6":{"name":"(anonymous_6)","decl":{"start":{"line":18,"column":10},"end":{"line":18,"column":11}},"loc":{"start":{"line":18,"column":20},"end":{"line":21,"column":5}},"line":18},"7":{"name":"(anonymous_7)","decl":{"start":{"line":22,"column":11},"end":{"line":22,"column":12}},"loc":{"start":{"line":22,"column":22},"end":{"line":24,"column":5}},"line":22}},"branchMap":{},"s":{"0":0,"1":0,"2":0,"3":0,"4":0,"5":0,"6":0,"7":0,"8":0,"9":0,"10":0},"f":{"0":0,"1":0,"2":0,"3":0,"4":0,"5":0,"6":0,"7":0},"b":{}}
,"/Users/pietroperboni/voopter-app-test/voopter-app-test/src/utils/constants.js": {"path":"/Users/pietroperboni/voopter-app-test/voopter-app-test/src/utils/constants.js","statementMap":{"0":{"start":{"line":1,"column":23},"end":{"line":170,"column":1}}},"fnMap":{},"branchMap":{},"s":{"0":0},"f":{},"b":{}}
,"/Users/pietroperboni/voopter-app-test/voopter-app-test/src/utils/index.js": {"path":"/Users/pietroperboni/voopter-app-test/voopter-app-test/src/utils/index.js","statementMap":{"0":{"start":{"line":1,"column":17},"end":{"line":1,"column":19}},"1":{"start":{"line":3,"column":27},"end":{"line":18,"column":1}},"2":{"start":{"line":4,"column":2},"end":{"line":6,"column":3}},"3":{"start":{"line":5,"column":4},"end":{"line":5,"column":24}},"4":{"start":{"line":8,"column":2},"end":{"line":11,"column":3}},"5":{"start":{"line":9,"column":4},"end":{"line":9,"column":34}},"6":{"start":{"line":10,"column":4},"end":{"line":10,"column":27}},"7":{"start":{"line":13,"column":2},"end":{"line":17,"column":14}},"8":{"start":{"line":14,"column":4},"end":{"line":16,"column":5}},"9":{"start":{"line":15,"column":6},"end":{"line":15,"column":17}},"10":{"start":{"line":20,"column":26},"end":{"line":26,"column":1}},"11":{"start":{"line":21,"column":14},"end":{"line":21,"column":16}},"12":{"start":{"line":22,"column":2},"end":{"line":24,"column":5}},"13":{"start":{"line":23,"column":4},"end":{"line":23,"column":34}},"14":{"start":{"line":25,"column":2},"end":{"line":25,"column":75}},"15":{"start":{"line":28,"column":21},"end":{"line":30,"column":1}},"16":{"start":{"line":29,"column":2},"end":{"line":29,"column":48}}},"fnMap":{"0":{"name":"(anonymous_0)","decl":{"start":{"line":3,"column":27},"end":{"line":3,"column":28}},"loc":{"start":{"line":3,"column":55},"end":{"line":18,"column":1}},"line":3},"1":{"name":"(anonymous_1)","decl":{"start":{"line":13,"column":31},"end":{"line":13,"column":32}},"loc":{"start":{"line":13,"column":37},"end":{"line":17,"column":3}},"line":13},"2":{"name":"(anonymous_2)","decl":{"start":{"line":20,"column":26},"end":{"line":20,"column":27}},"loc":{"start":{"line":20,"column":37},"end":{"line":26,"column":1}},"line":20},"3":{"name":"(anonymous_3)","decl":{"start":{"line":22,"column":16},"end":{"line":22,"column":17}},"loc":{"start":{"line":22,"column":29},"end":{"line":24,"column":3}},"line":22},"4":{"name":"(anonymous_4)","decl":{"start":{"line":28,"column":21},"end":{"line":28,"column":22}},"loc":{"start":{"line":28,"column":27},"end":{"line":30,"column":1}},"line":28}},"branchMap":{"0":{"loc":{"start":{"line":4,"column":2},"end":{"line":6,"column":3}},"type":"if","locations":[{"start":{"line":4,"column":2},"end":{"line":6,"column":3}},{"start":{},"end":{}}],"line":4},"1":{"loc":{"start":{"line":4,"column":6},"end":{"line":4,"column":77}},"type":"binary-expr","locations":[{"start":{"line":4,"column":6},"end":{"line":4,"column":44}},{"start":{"line":4,"column":48},"end":{"line":4,"column":77}}],"line":4},"2":{"loc":{"start":{"line":8,"column":2},"end":{"line":11,"column":3}},"type":"if","locations":[{"start":{"line":8,"column":2},"end":{"line":11,"column":3}},{"start":{},"end":{}}],"line":8},"3":{"loc":{"start":{"line":14,"column":4},"end":{"line":16,"column":5}},"type":"if","locations":[{"start":{"line":14,"column":4},"end":{"line":16,"column":5}},{"start":{},"end":{}}],"line":14}},"s":{"0":0,"1":0,"2":0,"3":0,"4":0,"5":0,"6":0,"7":0,"8":0,"9":0,"10":0,"11":0,"12":0,"13":0,"14":0,"15":0,"16":0},"f":{"0":0,"1":0,"2":0,"3":0,"4":0},"b":{"0":[0,0],"1":[0,0],"2":[0,0],"3":[0,0]}}
}
